<?xml version="1.0" encoding="UTF-8"?>
<!-- Generated by org.testng.reporters.JUnitReportReporter -->
<testsuite skipped="0" hostname="shiva" name="com.crm.testscripts.AdminTests" tests="3" failures="0" timestamp="02 Sep 2017 04:40:42 GMT" time="30.144" errors="0">
  <testcase name="createAccountsWithValidData" time="25.187" classname="com.crm.testscripts.AdminTests"/>
  <testcase name="editAccountWithValidData" time="4.621" classname="com.crm.testscripts.AdminTests"/>
  <testcase name="removeCreateAccount" time="0.336" classname="com.crm.testscripts.AdminTests"/>
</testsuite> <!-- com.crm.testscripts.AdminTests -->
